IQ-TREE multicore version 2.3.4 COVID-edition for Linux x86 64-bit built Apr 26 2024
Developed by Bui Quang Minh, James Barbetti, Nguyen Lam Tung, Olga Chernomor,
Heiko Schmidt, Dominik Schrempf, Michael Woodhams, Ly Trong Nhan, Thomas Wong

Host:    workstation-HP-Z840 (AVX2, FMA3, 251 GB RAM)
Command: /media/ashutosh/sde2/FM_ID_project/vcf/iqtree-2.3.4-Linux-intel/bin/./iqtree2 -s R2.min4.phy -T 24 -m MFP --alrt 1000 -B 1000 --boot-trees
Seed:    814298 (Using SPRNG - Scalable Parallel Random Number Generator)
Time:    Mon Oct 14 19:52:07 2024
Kernel:  AVX+FMA - 24 threads (64 CPU cores detected)

Reading alignment file R2.min4.phy ... Phylip format detected
Alignment most likely contains DNA/RNA sequences
Alignment has 269 sequences with 57604 columns, 45355 distinct patterns
32753 parsimony-informative, 8080 singleton sites, 16771 constant sites
        Gap/Ambiguity  Composition  p-value
Analyzing sequences: done in 0.0754859 secs using 1863% CPU
   1  WHLH11    0.57%    passed     77.09%
   2  WHLH12    0.46%    passed     79.35%
   3  WHLH13    0.61%    passed     74.48%
   4  BROL1    98.61%    passed     24.97%
   5  BROL2    98.35%    passed     83.72%
   6  CWLH2     0.83%    passed     96.27%
   7  CWLH3     0.92%    passed     92.49%
   8  CWLH4     1.09%    passed     85.53%
   9  CWLH1     0.84%    passed     84.86%
  10  CWLH5     1.05%    passed     86.26%
  11  CWLH6     0.85%    passed     82.05%
  12  RIRL1     0.92%    passed     94.51%
  13  RIRL2     0.82%    passed     95.25%
  14  RIRL3     0.81%    passed     86.43%
  15  RIRL4     0.95%    passed     92.05%
  16  RIRL5     6.87%    passed     30.89%
  17  RIRL6     1.98%    passed     98.83%
  18  RIRL7     0.87%    passed     93.57%
  19  RIRL8     4.27%    passed     97.36%
  20  RIRL9     4.75%    passed     87.75%
  21  RIRL10    0.70%    passed     91.61%
  22  RIRL11    0.87%    passed     83.05%
  23  RIRL12    3.14%    passed     99.63%
  24  RIRL13    5.25%    passed     78.87%
  25  RIRL14    0.87%    passed     92.76%
  26  RIRL15    0.76%    passed     92.25%
  27  RIRL16    3.00%    passed     99.35%
  28  BRLC7     0.44%    passed     87.91%
  29  YOSK2     4.92%    passed     95.04%
  30  YOSK3     3.65%    passed     99.43%
  31  YOSK4     6.04%    passed     87.83%
  32  XBBC5     0.96%    passed     96.80%
  33  XBBC4     1.11%    passed     98.21%
  34  XBBC3     1.63%    passed     97.40%
  35  XBBC2     1.14%    passed     99.71%
  36  XBBC1     1.19%    passed     99.42%
  37  TBNC     12.32%    failed      2.46%
  38  XBFC4     0.88%    passed     38.27%
  39  XBFC6     6.66%    passed     76.74%
  40  XBFC8     9.29%    passed     12.42%
  41  NATC1     2.21%    passed     94.50%
  42  NATC2     8.76%    passed     40.77%
  43  NATC3     3.16%    passed     98.28%
  44  NATC4     8.84%    passed     10.16%
  45  NATC5     1.36%    passed     72.52%
  46  NATC6     0.41%    passed     65.84%
  47  RLCC      0.71%    passed     80.70%
  48  GGMI3     7.29%    passed     29.98%
  49  GGMI2     6.66%    passed     76.09%
  50  GGMI1     5.80%    passed     83.78%
  51  GGSI2    10.17%    passed     12.35%
  52  GGSI1     9.94%    passed      8.15%
  53  BRLC11    6.61%    passed     66.57%
  54  BRLC13    8.77%    passed     48.11%
  55  BRLC10    8.11%    passed     97.92%
  56  BRLC9     5.61%    passed     87.43%
  57  BRLC8     8.50%    passed     57.13%
  58  BRLC12    2.13%    passed     67.48%
  59  BRLC14    5.00%    passed     98.65%
  60  WCBP      5.11%    passed     97.23%
  61  SBFC      7.52%    passed     28.05%
  62  DBLC      1.00%    passed     73.83%
  63  AYCM      0.59%    passed     43.09%
  64  LCEM2     8.93%    passed     11.47%
  65  LCEM4     6.83%    passed     50.87%
  66  LCJY3     8.66%    passed      7.18%
  67  LCMC4     8.75%    passed     13.20%
  68  LCMY1     7.53%    passed     44.76%
  69  LCMY2     8.86%    passed     36.34%
  70  LCMY3     2.48%    passed     98.36%
  71  LCMY4     7.55%    passed     66.67%
  72  LCTF3     8.54%    passed     48.80%
  73  TCAB3     7.60%    passed     21.50%
  74  TCAB6     6.86%    passed     54.35%
  75  TCDQ1     6.40%    passed     66.22%
  76  TCDQ3     9.24%    passed     17.51%
  77  TCDQ4    12.45%    failed      0.68%
  78  TCDQ6     1.33%    passed     94.21%
  79  TCGZ4     8.17%    passed     21.79%
  80  TCGZ6     8.29%    passed     19.29%
  81  TCGZ10    8.84%    passed     22.82%
  82  TCSN3     7.49%    passed     22.87%
  83  TCSN4     7.80%    passed     40.35%
  84  TCSN5    10.49%    failed      0.62%
  85  DGLC      2.42%    passed     98.22%
  86  LCEM1     2.15%    passed     55.93%
  87  YOSK1     0.45%    passed     72.71%
  88  IAFC10    8.95%    passed      9.95%
  89  BRLC1     1.16%    passed     73.52%
  90  BRLC2     1.07%    passed     45.00%
  91  BRLC3     8.21%    passed     41.85%
  92  BRLC4     4.49%    passed     84.15%
  93  BRLC5     4.04%    passed     97.81%
  94  BRLC6     7.20%    passed     36.79%
  95  RHIR1     1.07%    passed     97.32%
  96  RHIR2     1.07%    passed     99.46%
  97  RHIR3     1.08%    passed     99.70%
  98  RJFC2     1.09%    passed     92.99%
  99  RJFC4     6.96%    passed     55.47%
 100  RJFC3    10.38%    failed      1.93%
 101  RJFC5     0.78%    passed     97.69%
 102  RJFC6     0.85%    passed     97.53%
 103  RJFC7     0.80%    passed     98.77%
 104  GVGJ4    18.24%    passed     49.30%
 105  GVGJ5     6.04%    failed      0.00%
 106  GSGJ3    11.85%    passed     13.15%
 107  GSGJ1     9.98%    failed      0.02%
 108  GSGJ2     5.10%    failed      0.00%
 109  GLCJ4     5.88%    failed      0.00%
 110  GLCJ5     5.95%    failed      0.00%
 111  RJFC1     0.08%    passed     84.42%
 112  GLCJ1     8.20%    failed      0.00%
 113  GVGJ1     8.05%    failed      0.00%
 114  GVGJ2     7.27%    failed      0.00%
 115  GVGJ3    11.00%    failed      0.00%
 116  GLCJ2     5.31%    failed      0.00%
 117  GLCJ3     8.24%    failed      0.00%
 118  IAFC11    9.35%    passed     16.78%
 119  IAFC12    8.68%    passed     11.46%
 120  IAFC13    7.41%    passed     55.96%
 121  IAFC1     8.07%    passed     20.35%
 122  IAFC2     8.53%    passed     11.44%
 123  IAFC3     7.66%    passed     32.98%
 124  IAFC4     7.85%    passed     36.00%
 125  IAFC5     5.75%    passed     76.91%
 126  IAFC6     6.48%    passed     65.66%
 127  IAFC7     8.08%    passed     34.36%
 128  IAFC8     6.82%    passed     64.92%
 129  IAFC9     8.06%    passed     33.33%
 130  THFC      8.28%    passed     36.91%
 131  ASFC      7.81%    passed     35.10%
 132  KRNC1     4.76%    passed     72.76%
 133  KRNC2     8.37%    passed     34.28%
 134  KRNC3     6.28%    passed     80.85%
 135  TLFC6     8.01%    passed     56.24%
 136  TLFC5     7.71%    passed     49.13%
 137  TLFC4     7.17%    passed     63.97%
 138  TLFC3     7.59%    passed     46.14%
 139  TLFC2     8.34%    passed     12.58%
 140  TLFC1     6.21%    passed     51.86%
 141  LXFC6     5.13%    passed     86.83%
 142  LXFC10    9.00%    passed     52.91%
 143  LXFC9     7.82%    passed     27.74%
 144  LXFC8     5.44%    passed     84.62%
 145  LXFC7     8.93%    passed     25.14%
 146  LXFC5     1.65%    passed     97.28%
 147  LXFC4     7.41%    passed     29.91%
 148  LXFC3     5.78%    passed     88.81%
 149  LXFC2     5.85%    passed     75.55%
 150  LXFC1     4.18%    passed     95.46%
 151  LAFC3     2.26%    passed     98.14%
 152  LAFC2     1.08%    passed     84.63%
 153  LAFC1     0.91%    passed     83.06%
 154  XBFC1     8.86%    passed     35.06%
 155  XBFC2     8.62%    passed     23.55%
 156  XBFC3     1.53%    passed     78.82%
 157  XBFC5     8.06%    passed     42.23%
 158  XBFC7    11.26%    failed      1.68%
 159  WHLH1     0.47%    passed     78.74%
 160  WHLH2     5.07%    passed     86.23%
 161  WHLH3     0.45%    passed     75.97%
 162  ETNC1     8.08%    passed     34.30%
 163  ETNC2     8.23%    passed     46.07%
 164  ETNC3     8.45%    passed     29.47%
 165  SLNC1     1.98%    passed     66.57%
 166  SLNC2     1.88%    passed     74.68%
 167  SLNC3     1.80%    passed     58.71%
 168  IAFC14    7.76%    passed     54.05%
 169  XBFC9     2.49%    passed     87.76%
 170  XBFC10    7.62%    passed     69.73%
 171  XBFC11    3.20%    passed     98.55%
 172  XBFC12    8.57%    passed     46.80%
 173  XBFC13    9.32%    passed     17.97%
 174  XBFC14    8.51%    passed     24.91%
 175  XBFC15    8.77%    passed     19.52%
 176  XBFC16    3.62%    passed     97.60%
 177  XBFC17    3.06%    passed     85.77%
 178  XBFC18    3.17%    passed     81.42%
 179  XBFC19    3.24%    passed     91.78%
 180  JSFC1     6.01%    passed     68.85%
 181  JSFC2     0.50%    passed     82.11%
 182  JSFC3     6.08%    passed     45.65%
 183  JSFC4     0.77%    passed     99.44%
 184  JSFC5     1.76%    passed     99.02%
 185  MXFC1     9.11%    passed     32.37%
 186  JSFC6     2.23%    passed     98.12%
 187  JSFC7     3.94%    passed     93.46%
 188  JYFC1     4.67%    passed     63.98%
 189  JYFC2     5.65%    passed     59.33%
 190  COFC1     6.16%    passed     62.76%
 191  PAFC1     5.07%    passed     45.45%
 192  PEFC1     9.45%    passed     44.49%
 193  PEFC2     7.45%    passed     22.39%
 194  JAFC1     7.27%    passed     28.48%
 195  JPFC1     9.37%    passed      9.46%
 196  JSFC8     6.05%    passed     38.04%
 197  JSFC9     1.44%    passed     74.18%
 198  JYFC3     7.92%    passed      5.75%
 199  JSFC10    1.38%    passed     98.09%
 200  BRFC1     5.40%    passed     90.76%
 201  JPFC2     2.74%    passed     99.56%
 202  JPFC3     9.03%    failed      3.21%
 203  JSFC11    0.64%    passed     57.51%
 204  TSFC1     4.73%    passed     74.76%
 205  TSFC2     5.14%    passed     68.89%
 206  TSFC3     8.74%    passed     19.19%
 207  INFC1     7.81%    passed     23.37%
 208  SPFC1     8.23%    passed     35.51%
 209  FRFC1     8.50%    passed     48.26%
 210  PEFC3     3.90%    passed     94.88%
 211  SPFC2     2.83%    passed     97.47%
 212  USFC1     5.92%    passed     52.41%
 213  MXFC2     4.18%    passed     97.89%
 214  MXFC3     1.67%    passed     98.03%
 215  JPFC4     5.44%    passed     90.93%
 216  JPFC5     2.90%    passed     98.01%
 217  MXFC4     3.90%    passed     98.73%
 218  PRFC1     1.62%    passed     81.26%
 219  USFC2     6.15%    passed     61.62%
 220  USFC3     1.74%    passed     99.80%
 221  USFC4     6.72%    passed     20.41%
 222  USFC5     5.52%    passed     70.94%
 223  USFC6     5.48%    passed     83.82%
 224  LXFC11    1.74%    passed     95.50%
 225  LXFC12    2.09%    passed     85.89%
 226  LXFC13    2.81%    passed     92.93%
 227  LXFC14    1.74%    passed     95.95%
 228  LXFC15    1.87%    passed     98.28%
 229  LXFC16    2.02%    passed     83.08%
 230  LXFC17    6.83%    passed     89.51%
 231  LXFC18    2.64%    passed     98.82%
 232  LXFC19    2.68%    passed     96.15%
 233  LXFC20    1.92%    passed     60.16%
 234  LXFC21    2.68%    passed     66.10%
 235  LXFC22    6.65%    passed     75.14%
 236  LXFC23    3.32%    passed     99.92%
 237  LXFC24    2.53%    passed     93.84%
 238  LXFC25    2.39%    passed     92.47%
 239  LXFC26    2.05%    passed     98.75%
 240  LXFC27    2.61%    passed     84.84%
 241  LXFC28    1.76%    passed     64.25%
 242  LXFC29    2.95%    passed     94.92%
 243  SILK9     3.74%    passed     99.75%
 244  SILK1     3.63%    passed     99.66%
 245  SILK2     4.03%    passed     97.07%
 246  SILK3     2.09%    passed     85.79%
 247  SILK4     3.42%    passed     99.70%
 248  SILK5     3.25%    passed     98.26%
 249  SILK6     5.88%    passed     70.98%
 250  SILK7     4.48%    passed     99.98%
 251  SILK8     2.26%    passed     98.96%
 252  SILK10    0.48%    passed     71.25%
 253  KADK1     3.26%    passed     95.93%
 254  KADK2     0.67%    passed     67.33%
 255  KADK3     0.49%    passed     67.93%
 256  KADK4     2.60%    passed     97.61%
 257  KADK5     3.04%    passed     97.18%
 258  KADK6     3.87%    passed     99.12%
 259  KADK7     3.24%    passed     98.49%
 260  KADK8     2.07%    passed     91.33%
 261  KADK9     2.41%    passed     93.70%
 262  KADK12    1.87%    passed     89.69%
 263  WHLH10    2.42%    passed     96.39%
 264  WHLH4     2.58%    passed     99.12%
 265  WHLH5     2.39%    passed     94.50%
 266  WHLH6     2.32%    passed     98.17%
 267  WHLH7     2.32%    passed     98.23%
 268  WHLH8     1.66%    passed     91.30%
 269  WHLH9     2.37%    passed     95.37%
WARNING: 2 sequences contain more than 50% gaps/ambiguity
****  TOTAL     5.52%  17 sequences failed composition chi2 test (p-value<5%; df=3)


Create initial parsimony tree by phylogenetic likelihood library (PLL)... 4.309 seconds
Perform fast likelihood tree search using GTR+I+G model...
Estimate model parameters (epsilon = 5.000)
Perform nearest neighbor interchange...
Estimate model parameters (epsilon = 1.000)
1. Initial log-likelihood: -1331261.515
2. Current log-likelihood: -1331257.546
3. Current log-likelihood: -1331254.091
4. Current log-likelihood: -1331251.184
5. Current log-likelihood: -1331248.544
6. Current log-likelihood: -1331246.278
7. Current log-likelihood: -1331244.283
8. Current log-likelihood: -1331242.511
9. Current log-likelihood: -1331240.929
10. Current log-likelihood: -1331239.500
11. Current log-likelihood: -1331238.203
12. Current log-likelihood: -1331237.026
13. Current log-likelihood: -1331235.948
Optimal log-likelihood: -1331235.026
Rate parameters:  A-C: 0.92640  A-G: 6.40642  A-T: 1.39883  C-G: 0.81713  C-T: 6.66515  G-T: 1.00000
Base frequencies:  A: 0.212  C: 0.286  G: 0.295  T: 0.207
Proportion of invariable sites: 0.024
Gamma shape alpha: 0.367
Parameters optimization took 13 rounds (57.385 sec)
Time for fast ML tree search: 210.284 seconds

NOTE: ModelFinder requires 4129 MB RAM!
ModelFinder will test up to 484 DNA models (sample size: 57604) ...
 No. Model         -LnL         df  AIC          AICc         BIC
  1  GTR+F         1552108.111  543 3105302.223  3105312.577  3110168.234
  2  GTR+F+I       1494484.230  544 2990056.460  2990066.853  2994931.433
  3  GTR+F+G4      1331223.739  544 2663535.478  2663545.870  2668410.451
  4  GTR+F+I+G4    1331224.361  545 2663538.722  2663549.152  2668422.656
  5  GTR+F+R2      1333840.614  545 2668771.228  2668781.659  2673655.163
  6  GTR+F+R3      1317744.437  547 2636582.874  2636593.381  2641484.731
  7  GTR+F+R4      1315982.821  549 2633063.641  2633074.226  2637983.421
  8  GTR+F+R5      1315725.576  551 2632553.152  2632563.815  2637490.855
WARNING: Log-likelihood -1.31573e+06 of GTR+F+R6 worse than GTR+F+R5 -1.31573e+06
  9  GTR+F+R6      1315730.263  553 2632566.527  2632577.267  2637522.152
 14  GTR+F+I+R2    1333065.769  546 2667223.538  2667234.007  2672116.434
 15  GTR+F+I+R3    1317743.769  548 2636583.538  2636594.084  2641494.356
 16  GTR+F+I+R4    1315982.403  550 2633064.806  2633075.430  2637993.547
 17  GTR+F+I+R5    1315725.292  552 2632554.584  2632565.285  2637501.248
WARNING: Log-likelihood -1.31573e+06 of GTR+F+I+R6 worse than GTR+F+I+R5 -1.31573e+06
 18  GTR+F+I+R6    1315730.173  554 2632568.346  2632579.125  2637532.932
 30  SYM+R5        1316057.092  548 2633210.184  2633220.730  2638121.002
 52  TVM+F+R5      1315738.478  550 2632576.957  2632587.580  2637505.698
 74  TVMe+R5       1316057.560  547 2633209.120  2633219.627  2638110.977
 96  TIM3+F+R5     1316181.519  549 2633461.038  2633471.622  2638380.817
118  TIM3e+R5      1316146.004  546 2633384.007  2633394.476  2638276.903
140  TIM2+F+R5     1316422.194  549 2633942.389  2633952.974  2638862.169
162  TIM2e+R5      1316167.168  546 2633426.336  2633436.805  2638319.232
184  TIM+F+R5      1316782.050  549 2634662.100  2634672.685  2639581.879
206  TIMe+R5       1316084.931  546 2633261.863  2633272.332  2638154.758
228  TPM3u+F+R5    1316196.280  548 2633488.560  2633499.106  2638399.378
250  TPM3+R5       1316146.579  545 2633383.157  2633393.588  2638267.091
272  TPM2u+F+R5    1316433.809  548 2633963.618  2633974.164  2638874.436
294  TPM2+R5       1316167.774  545 2633425.548  2633435.978  2638309.482
316  K3Pu+F+R5     1316795.694  548 2634687.389  2634697.935  2639598.207
338  K3P+R5        1316085.659  545 2633261.317  2633271.748  2638145.252
360  TN+F+R5       1316802.924  548 2634701.849  2634712.395  2639612.667
382  TNe+R5        1316168.471  545 2633426.943  2633437.373  2638310.877
404  HKY+F+R5      1316816.621  547 2634727.242  2634737.750  2639629.099
426  K2P+R5        1316169.014  544 2633426.028  2633436.420  2638301.001
448  F81+F+R5      1413351.130  546 2827794.260  2827804.729  2832687.156
470  JC+R5         1410122.986  543 2821331.972  2821342.326  2826197.984
Akaike Information Criterion:           GTR+F+R5
Corrected Akaike Information Criterion: GTR+F+R5
Bayesian Information Criterion:         GTR+F+R5
Best-fit model: GTR+F+R5 chosen according to BIC

All model information printed to R2.min4.phy.model.gz
CPU time for ModelFinder: 215280.456 seconds (59h:48m:0s)
Wall-clock time for ModelFinder: 10685.781 seconds (2h:58m:5s)
Generating 1000 samples for ultrafast bootstrap (seed: 814298)...

NOTE: 2151 MB RAM (2 GB) is required!
Estimate model parameters (epsilon = 0.100)
1. Initial log-likelihood: -1315725.576
Optimal log-likelihood: -1315725.576
Rate parameters:  A-C: 0.93093  A-G: 6.55765  A-T: 1.40593  C-G: 0.81682  C-T: 6.78822  G-T: 1.00000
Base frequencies:  A: 0.212  C: 0.286  G: 0.295  T: 0.207
Site proportion and rates:  (0.744,0.141) (0.080,1.078) (0.063,2.442) (0.067,4.722) (0.046,7.320)
Parameters optimization took 1 rounds (5.632 sec)
Wrote distance file to... 
Computing ML distances based on estimated model parameters...
Calculating distance matrix: done in 0.609471 secs using 2104% CPU
Computing ML distances took 0.634671 sec (of wall-clock time) 13.320115 sec (of CPU time)
Setting up auxiliary I and S matrices: done in 0.0232968 secs using 1909% CPU
Computing RapidNJ tree took 0.033921 sec (of wall-clock time) 0.654006 sec (of CPU time)
Log-likelihood of RapidNJ tree: -1344861.403
--------------------------------------------------------------------
|             INITIALIZING CANDIDATE TREE SET                      |
--------------------------------------------------------------------
Generating 98 parsimony trees... 756.764 second
Computing log-likelihood of 98 initial trees ... 140.955 seconds
Current best score: -1315536.613

Do NNI search on 20 best initial trees
Estimate model parameters (epsilon = 0.100)
BETTER TREE FOUND at iteration 1: -1313951.071
Iteration 10 / LogL: -1314181.028 / Time: 3h:25m:31s
Iteration 20 / LogL: -1315102.840 / Time: 3h:31m:55s
Finish initializing candidate tree set (20)
Current best tree score: -1313951.071 / CPU time: 1862.574
Number of iterations: 20
--------------------------------------------------------------------
|               OPTIMIZING CANDIDATE TREE SET                      |
--------------------------------------------------------------------
Estimate model parameters (epsilon = 0.100)
BETTER TREE FOUND at iteration 24: -1313928.495
Estimate model parameters (epsilon = 0.100)
BETTER TREE FOUND at iteration 29: -1313853.861
Iteration 30 / LogL: -1314002.152 / Time: 3h:37m:35s (2h:14m:48s left)
Estimate model parameters (epsilon = 0.100)
BETTER TREE FOUND at iteration 31: -1313760.349
Estimate model parameters (epsilon = 0.100)
BETTER TREE FOUND at iteration 34: -1313443.595
Estimate model parameters (epsilon = 0.100)
BETTER TREE FOUND at iteration 38: -1313321.883
Iteration 40 / LogL: -1313604.909 / Time: 3h:44m:1s (1h:55m:24s left)
Estimate model parameters (epsilon = 0.100)
BETTER TREE FOUND at iteration 41: -1313296.837
Iteration 50 / LogL: -1313479.105 / Time: 3h:52m:9s (1h:40m:23s left)
Log-likelihood cutoff on original alignment: -1314727.188
UFBoot trees printed to R2.min4.phy.ufboot
Iteration 60 / LogL: -1313499.159 / Time: 4h:2m:54s (1h:28m:59s left)
Estimate model parameters (epsilon = 0.100)
BETTER TREE FOUND at iteration 63: -1313261.795
Iteration 70 / LogL: -1314064.797 / Time: 4h:10m:3s (1h:36m:59s left)
Iteration 80 / LogL: -1313901.798 / Time: 4h:16m:10s (1h:22m:2s left)
Iteration 90 / LogL: -1313592.930 / Time: 4h:21m:2s (1h:8m:1s left)
Estimate model parameters (epsilon = 0.100)
BETTER TREE FOUND at iteration 94: -1313242.940
Iteration 100 / LogL: -1313768.363 / Time: 4h:27m:20s (1h:24m:44s left)
Log-likelihood cutoff on original alignment: -1314727.188
NOTE: Bootstrap correlation coefficient of split occurrence frequencies: 0.979
NOTE: UFBoot does not converge, continue at least 100 more iterations
UFBoot trees printed to R2.min4.phy.ufboot
Iteration 110 / LogL: -1314028.118 / Time: 4h:32m:53s (1h:18m:16s left)
Estimate model parameters (epsilon = 0.100)
BETTER TREE FOUND at iteration 119: -1313217.922
Iteration 120 / LogL: -1313949.324 / Time: 4h:40m:4s (1h:24m:50s left)
Iteration 130 / LogL: -1313347.792 / Time: 4h:50m:57s (1h:17m:51s left)
Iteration 140 / LogL: -1313748.398 / Time: 4h:57m:55s (1h:8m:6s left)
Iteration 150 / LogL: -1313550.972 / Time: 5h:6m:20s (0h:59m:23s left)
Log-likelihood cutoff on original alignment: -1314727.188
UFBoot trees printed to R2.min4.phy.ufboot
Iteration 160 / LogL: -1313423.185 / Time: 5h:13m:44s (0h:50m:19s left)
Iteration 170 / LogL: -1313491.130 / Time: 5h:20m:0s (0h:41m:8s left)
Estimate model parameters (epsilon = 0.100)
BETTER TREE FOUND at iteration 173: -1313157.859
Estimate model parameters (epsilon = 0.100)
BETTER TREE FOUND at iteration 179: -1313125.407
Iteration 180 / LogL: -1313599.592 / Time: 5h:27m:43s (1h:22m:45s left)
Iteration 190 / LogL: -1313371.761 / Time: 5h:34m:44s (1h:13m:46s left)
Estimate model parameters (epsilon = 0.100)
BETTER TREE FOUND at iteration 193: -1313033.681
Estimate model parameters (epsilon = 0.100)
BETTER TREE FOUND at iteration 198: -1312997.343
Iteration 200 / LogL: -1314672.527 / Time: 5h:47m:33s (1h:23m:27s left)
Log-likelihood cutoff on original alignment: -1314727.188
NOTE: Bootstrap correlation coefficient of split occurrence frequencies: 0.879
NOTE: UFBoot does not converge, continue at least 100 more iterations
UFBoot trees printed to R2.min4.phy.ufboot
Iteration 210 / LogL: -1313729.820 / Time: 6h:2m:23s (1h:19m:21s left)
Iteration 220 / LogL: -1313056.410 / Time: 6h:16m:28s (1h:12m:28s left)
Estimate model parameters (epsilon = 0.100)
BETTER TREE FOUND at iteration 222: -1312889.228
Iteration 230 / LogL: -1315180.155 / Time: 6h:30m:3s (1h:25m:9s left)
Iteration 240 / LogL: -1313052.756 / Time: 6h:46m:0s (1h:18m:11s left)
Estimate model parameters (epsilon = 0.100)
BETTER TREE FOUND at iteration 248: -1312875.228
Iteration 250 / LogL: -1312952.323 / Time: 7h:2m:29s (1h:36m:11s left)
Log-likelihood cutoff on original alignment: -1314159.172
UFBoot trees printed to R2.min4.phy.ufboot
Iteration 260 / LogL: -1313152.838 / Time: 7h:19m:52s (1h:28m:56s left)
Iteration 270 / LogL: -1313075.629 / Time: 7h:34m:32s (1h:20m:9s left)
Iteration 280 / LogL: -1313416.391 / Time: 7h:49m:30s (1h:11m:1s left)
Iteration 290 / LogL: -1312880.590 / Time: 8h:2m:0s (1h:0m:59s left)
Estimate model parameters (epsilon = 0.100)
BETTER TREE FOUND at iteration 295: -1312855.530
Iteration 300 / LogL: -1312906.767 / Time: 8h:21m:11s (1h:42m:39s left)
Log-likelihood cutoff on original alignment: -1314041.852
NOTE: Bootstrap correlation coefficient of split occurrence frequencies: 0.890
NOTE: UFBoot does not converge, continue at least 100 more iterations
UFBoot trees printed to R2.min4.phy.ufboot
Iteration 310 / LogL: -1313006.018 / Time: 8h:35m:4s (1h:38m:8s left)
Iteration 320 / LogL: -1313095.120 / Time: 8h:47m:30s (1h:27m:37s left)
Iteration 330 / LogL: -1313552.575 / Time: 8h:56m:17s (1h:16m:12s left)
Estimate model parameters (epsilon = 0.100)
BETTER TREE FOUND at iteration 335: -1312780.952
Iteration 340 / LogL: -1312948.950 / Time: 9h:4m:55s (1h:42m:47s left)
Iteration 350 / LogL: -1313153.354 / Time: 9h:13m:7s (1h:31m:20s left)
Log-likelihood cutoff on original alignment: -1314041.852
UFBoot trees printed to R2.min4.phy.ufboot
Iteration 360 / LogL: -1313099.837 / Time: 9h:22m:12s (1h:20m:14s left)
Iteration 370 / LogL: -1313141.020 / Time: 9h:32m:51s (1h:9m:32s left)
Estimate model parameters (epsilon = 0.100)
BETTER TREE FOUND at iteration 371: -1312765.798
Estimate model parameters (epsilon = 0.100)
BETTER TREE FOUND at iteration 372: -1312729.362
Estimate model parameters (epsilon = 0.100)
BETTER TREE FOUND at iteration 376: -1312707.991
Iteration 380 / LogL: -1312949.963 / Time: 9h:45m:25s (1h:43m:10s left)
Iteration 390 / LogL: -1313231.739 / Time: 9h:57m:58s (1h:32m:49s left)
Iteration 400 / LogL: -1312752.533 / Time: 10h:9m:33s (1h:22m:10s left)
Log-likelihood cutoff on original alignment: -1314041.852
NOTE: Bootstrap correlation coefficient of split occurrence frequencies: 0.894
NOTE: UFBoot does not converge, continue at least 100 more iterations
UFBoot trees printed to R2.min4.phy.ufboot
Estimate model parameters (epsilon = 0.100)
BETTER TREE FOUND at iteration 409: -1312699.530
Iteration 410 / LogL: -1312835.999 / Time: 10h:24m:30s (1h:48m:3s left)
Estimate model parameters (epsilon = 0.100)
BETTER TREE FOUND at iteration 420: -1312696.818
Iteration 420 / LogL: -1312696.818 / Time: 10h:35m:50s (1h:49m:14s left)
Iteration 430 / LogL: -1312721.271 / Time: 10h:41m:6s (1h:37m:8s left)
Iteration 440 / LogL: -1312721.165 / Time: 10h:47m:14s (1h:25m:29s left)
Iteration 450 / LogL: -1312818.489 / Time: 10h:50m:53s (1h:13m:42s left)
Log-likelihood cutoff on original alignment: -1314041.852
UFBoot trees printed to R2.min4.phy.ufboot
Iteration 460 / LogL: -1312952.866 / Time: 10h:54m:19s (1h:2m:15s left)
Iteration 470 / LogL: -1312923.027 / Time: 10h:57m:18s (0h:51m:5s left)
Estimate model parameters (epsilon = 0.100)
BETTER TREE FOUND at iteration 478: -1312689.214
Iteration 480 / LogL: -1318082.659 / Time: 11h:1m:21s (1h:38m:52s left)
Iteration 490 / LogL: -1312855.759 / Time: 11h:4m:51s (1h:27m:35s left)
Iteration 500 / LogL: -1312693.232 / Time: 11h:7m:51s (1h:16m:33s left)
Log-likelihood cutoff on original alignment: -1314041.852
NOTE: Bootstrap correlation coefficient of split occurrence frequencies: 0.888
NOTE: UFBoot does not converge, continue at least 100 more iterations
UFBoot trees printed to R2.min4.phy.ufboot
Iteration 510 / LogL: -1312913.566 / Time: 11h:11m:15s (1h:27m:11s left)
Iteration 520 / LogL: -1313092.012 / Time: 11h:14m:46s (1h:16m:33s left)
Iteration 530 / LogL: -1312996.685 / Time: 11h:18m:9s (1h:6m:10s left)
Iteration 540 / LogL: -1313015.668 / Time: 11h:21m:26s (0h:56m:1s left)
Iteration 550 / LogL: -1313171.688 / Time: 11h:25m:55s (0h:46m:14s left)
Log-likelihood cutoff on original alignment: -1314041.852
UFBoot trees printed to R2.min4.phy.ufboot
Estimate model parameters (epsilon = 0.100)
BETTER TREE FOUND at iteration 556: -1312665.105
Iteration 560 / LogL: -1313315.360 / Time: 11h:29m:54s (1h:27m:53s left)
Iteration 570 / LogL: -1312891.151 / Time: 11h:33m:10s (1h:17m:51s left)
Iteration 580 / LogL: -1312975.150 / Time: 11h:37m:14s (1h:8m:8s left)
Iteration 590 / LogL: -1312904.819 / Time: 11h:41m:31s (0h:58m:39s left)
Iteration 600 / LogL: -1313911.615 / Time: 11h:45m:25s (0h:49m:17s left)
Log-likelihood cutoff on original alignment: -1314041.852
NOTE: Bootstrap correlation coefficient of split occurrence frequencies: 0.914
NOTE: UFBoot does not converge, continue at least 100 more iterations
UFBoot trees printed to R2.min4.phy.ufboot
Iteration 610 / LogL: -1313580.130 / Time: 11h:49m:7s (1h:18m:28s left)
Iteration 620 / LogL: -1313095.882 / Time: 11h:54m:43s (1h:9m:21s left)
Iteration 630 / LogL: -1313351.437 / Time: 12h:0m:38s (1h:0m:22s left)
Iteration 640 / LogL: -1313959.470 / Time: 12h:5m:34s (0h:51m:24s left)
Iteration 650 / LogL: -1312920.913 / Time: 12h:11m:56s (0h:42m:40s left)
Log-likelihood cutoff on original alignment: -1314041.852
UFBoot trees printed to R2.min4.phy.ufboot
Iteration 660 / LogL: -1313915.457 / Time: 12h:16m:40s (0h:33m:54s left)
Iteration 670 / LogL: -1313077.350 / Time: 12h:22m:2s (0h:25m:17s left)
Iteration 680 / LogL: -1312713.183 / Time: 12h:25m:45s (0h:16m:43s left)
Iteration 690 / LogL: -1313039.018 / Time: 12h:31m:41s (0h:8m:19s left)
Iteration 700 / LogL: -1312747.670 / Time: 12h:36m:19s (0h:0m:0s left)
Log-likelihood cutoff on original alignment: -1314041.852
NOTE: Bootstrap correlation coefficient of split occurrence frequencies: 0.948
NOTE: UFBoot does not converge, continue at least 100 more iterations
UFBoot trees printed to R2.min4.phy.ufboot
Iteration 710 / LogL: -1312941.036 / Time: 12h:39m:52s (1h:13m:51s left)
Iteration 720 / LogL: -1312906.143 / Time: 12h:44m:21s (1h:5m:13s left)
Iteration 730 / LogL: -1312888.409 / Time: 12h:48m:17s (0h:56m:40s left)
Iteration 740 / LogL: -1313169.272 / Time: 12h:52m:35s (0h:48m:16s left)
Iteration 750 / LogL: -1312709.801 / Time: 12h:57m:8s (0h:39m:59s left)
Log-likelihood cutoff on original alignment: -1314041.852
UFBoot trees printed to R2.min4.phy.ufboot
Iteration 760 / LogL: -1313775.323 / Time: 13h:1m:9s (0h:31m:46s left)
Iteration 770 / LogL: -1313309.948 / Time: 13h:6m:55s (0h:23m:45s left)
Iteration 780 / LogL: -1312876.596 / Time: 13h:12m:25s (0h:15m:46s left)
Estimate model parameters (epsilon = 0.100)
BETTER TREE FOUND at iteration 782: -1312623.886
Iteration 790 / LogL: -1312904.156 / Time: 13h:17m:32s (1h:12m:13s left)
Iteration 800 / LogL: -1313015.282 / Time: 13h:23m:9s (1h:4m:8s left)
Log-likelihood cutoff on original alignment: -1314041.852
NOTE: Bootstrap correlation coefficient of split occurrence frequencies: 0.970
NOTE: UFBoot does not converge, continue at least 100 more iterations
UFBoot trees printed to R2.min4.phy.ufboot
Iteration 810 / LogL: -1312826.254 / Time: 13h:27m:34s (1h:10m:1s left)
Iteration 820 / LogL: -1312975.982 / Time: 13h:31m:26s (1h:1m:51s left)
Iteration 830 / LogL: -1313055.653 / Time: 13h:36m:37s (0h:53m:54s left)
Iteration 840 / LogL: -1312898.691 / Time: 13h:40m:33s (0h:45m:56s left)
Iteration 850 / LogL: -1312678.188 / Time: 13h:43m:59s (0h:38m:2s left)
Log-likelihood cutoff on original alignment: -1314041.852
UFBoot trees printed to R2.min4.phy.ufboot
Iteration 860 / LogL: -1312661.416 / Time: 13h:48m:41s (0h:30m:17s left)
Iteration 870 / LogL: -1312889.443 / Time: 13h:52m:34s (0h:22m:35s left)
Iteration 880 / LogL: -1313068.323 / Time: 13h:57m:5s (0h:14m:59s left)
Iteration 890 / LogL: -1312797.808 / Time: 14h:2m:2s (0h:7m:28s left)
Iteration 900 / LogL: -1313001.296 / Time: 14h:6m:43s (0h:0m:0s left)
Log-likelihood cutoff on original alignment: -1314041.852
NOTE: Bootstrap correlation coefficient of split occurrence frequencies: 0.982
NOTE: UFBoot does not converge, continue at least 100 more iterations
UFBoot trees printed to R2.min4.phy.ufboot
Iteration 910 / LogL: -1313198.495 / Time: 14h:12m:11s (1h:6m:44s left)
Iteration 920 / LogL: -1312733.301 / Time: 14h:16m:58s (0h:59m:5s left)
Iteration 930 / LogL: -1313379.185 / Time: 14h:22m:0s (0h:51m:31s left)
Iteration 940 / LogL: -1312636.916 / Time: 14h:26m:47s (0h:44m:0s left)
Iteration 950 / LogL: -1314435.824 / Time: 14h:31m:38s (0h:36m:32s left)
Log-likelihood cutoff on original alignment: -1314041.852
UFBoot trees printed to R2.min4.phy.ufboot
Iteration 960 / LogL: -1312641.774 / Time: 14h:36m:27s (0h:29m:7s left)
Iteration 970 / LogL: -1312931.911 / Time: 14h:42m:58s (0h:21m:49s left)
Iteration 980 / LogL: -1313110.185 / Time: 14h:46m:45s (0h:14m:28s left)
Iteration 990 / LogL: -1313414.700 / Time: 14h:51m:16s (0h:7m:12s left)
Iteration 1000 / LogL: -1313124.420 / Time: 14h:55m:33s (0h:0m:0s left)
Log-likelihood cutoff on original alignment: -1314041.852
NOTE: Bootstrap correlation coefficient of split occurrence frequencies: 0.982
NOTE: UFBoot does not converge, continue at least 100 more iterations
UFBoot trees printed to R2.min4.phy.ufboot
WARNING: bootstrap analysis did not converge. You should rerun with higher number of iterations (-nm option)
TREE SEARCH COMPLETED AFTER 1001 ITERATIONS / Time: 14h:56m:1s

--------------------------------------------------------------------
|                    FINALIZING TREE SEARCH                        |
--------------------------------------------------------------------
Performs final model parameters optimization
Estimate model parameters (epsilon = 0.010)
1. Initial log-likelihood: -1312623.886
2. Current log-likelihood: -1312623.870
Optimal log-likelihood: -1312623.858
Rate parameters:  A-C: 0.93258  A-G: 6.58320  A-T: 1.41312  C-G: 0.81722  C-T: 6.80954  G-T: 1.00000
Base frequencies:  A: 0.212  C: 0.286  G: 0.295  T: 0.207
Site proportion and rates:  (0.744,0.141) (0.080,1.088) (0.064,2.475) (0.068,4.818) (0.043,7.410)
Parameters optimization took 2 rounds (9.286 sec)
BEST SCORE FOUND : -1312623.858

Testing tree branches by SH-like aLRT with 1000 replicates...
Alternative NNI shows better log-likelihood -1312623.853 > -1312623.858
Alternative NNI shows better log-likelihood -1312623.714 > -1312623.858
22.231 sec.
Creating bootstrap support values...
Split supports printed to NEXUS file R2.min4.phy.splits.nex
Total tree length: 5.865

Total number of iterations: 1001
CPU time used for tree search: 896626.841 sec (249h:3m:46s)
Wall-clock time used for tree search: 42907.684 sec (11h:55m:7s)
Total CPU time used: 1115864.587 sec (309h:57m:44s)
Total wall-clock time used: 53794.543 sec (14h:56m:34s)
UFBoot trees printed to R2.min4.phy.ufboot

Computing bootstrap consensus tree...
Reading input file R2.min4.phy.splits.nex...
269 taxa and 1191 splits.
Consensus tree written to R2.min4.phy.contree
Reading input trees file R2.min4.phy.contree
Log-likelihood of consensus tree: -1312662.512

Analysis results written to: 
  IQ-TREE report:                R2.min4.phy.iqtree
  Maximum-likelihood tree:       R2.min4.phy.treefile
  Likelihood distances:          R2.min4.phy.mldist

Ultrafast bootstrap approximation results written to:
  Split support values:          R2.min4.phy.splits.nex
  Consensus tree:                R2.min4.phy.contree
  UFBoot trees:                  R2.min4.phy.ufboot
  Screen log file:               R2.min4.phy.log

Date and Time: Tue Oct 15 10:49:23 2024
