ERROR: ld.so: object '/home/ashutosh/opt/mpich-install-3.2.1/lib/libmpi.so' from LD_PRELOAD cannot be preloaded (cannot open shared object file): ignored.
ERROR: ld.so: object '/home/ashutosh/opt/mpich-install-3.2.1/lib/libmpi.so' from LD_PRELOAD cannot be preloaded (cannot open shared object file): ignored.
ERROR: ld.so: object '/home/ashutosh/opt/mpich-install-3.2.1/lib/libmpi.so' from LD_PRELOAD cannot be preloaded (cannot open shared object file): ignored.


Building a new DB, current time: 10/27/2024 18:37:09
New DB name:   /media/ashutosh/disk1/Z_blast_new/Fig2/GRCg6a/GRCg6a_Z.fa
New DB title:  GRCg6a_Z.fa
Sequence type: Nucleotide
Keep MBits: T
Maximum file size: 1000000000B
Adding sequences from FASTA; added 1 sequences in 1.63859 seconds.
ERROR: ld.so: object '/home/ashutosh/opt/mpich-install-3.2.1/lib/libmpi.so' from LD_PRELOAD cannot be preloaded (cannot open shared object file): ignored.
Command line argument error: Argument "query". File is not accessible:  `Gallus_gallus_C2ORF3_mRNA.fa'
ERROR: ld.so: object '/home/ashutosh/opt/mpich-install-3.2.1/lib/libmpi.so' from LD_PRELOAD cannot be preloaded (cannot open shared object file): ignored.


Building a new DB, current time: 10/27/2024 18:37:11
New DB name:   /media/ashutosh/disk1/Z_blast_new/Fig2/GRCg6a/GRCg6a_Z.fa
New DB title:  GRCg6a_Z.fa
Sequence type: Nucleotide
Deleted existing Nucleotide BLAST database named /media/ashutosh/disk1/Z_blast_new/Fig2/GRCg6a/GRCg6a_Z.fa
Keep MBits: T
Maximum file size: 1000000000B
Adding sequences from FASTA; added 1 sequences in 1.70887 seconds.
ERROR: ld.so: object '/home/ashutosh/opt/mpich-install-3.2.1/lib/libmpi.so' from LD_PRELOAD cannot be preloaded (cannot open shared object file): ignored.
ERROR: ld.so: object '/home/ashutosh/opt/mpich-install-3.2.1/lib/libmpi.so' from LD_PRELOAD cannot be preloaded (cannot open shared object file): ignored.


Building a new DB, current time: 10/27/2024 18:37:39
New DB name:   /media/ashutosh/disk1/Z_blast_new/Fig2/GRCg6a/GRCg6a_Z.fa
New DB title:  GRCg6a_Z.fa
Sequence type: Nucleotide
Deleted existing Nucleotide BLAST database named /media/ashutosh/disk1/Z_blast_new/Fig2/GRCg6a/GRCg6a_Z.fa
Keep MBits: T
Maximum file size: 1000000000B
Adding sequences from FASTA; added 1 sequences in 1.28759 seconds.
ERROR: ld.so: object '/home/ashutosh/opt/mpich-install-3.2.1/lib/libmpi.so' from LD_PRELOAD cannot be preloaded (cannot open shared object file): ignored.
ERROR: ld.so: object '/home/ashutosh/opt/mpich-install-3.2.1/lib/libmpi.so' from LD_PRELOAD cannot be preloaded (cannot open shared object file): ignored.


Building a new DB, current time: 10/27/2024 18:37:43
New DB name:   /media/ashutosh/disk1/Z_blast_new/Fig2/GRCg6a/GRCg6a_Z.fa
New DB title:  GRCg6a_Z.fa
Sequence type: Nucleotide
Deleted existing Nucleotide BLAST database named /media/ashutosh/disk1/Z_blast_new/Fig2/GRCg6a/GRCg6a_Z.fa
Keep MBits: T
Maximum file size: 1000000000B
Adding sequences from FASTA; added 1 sequences in 1.62686 seconds.
ERROR: ld.so: object '/home/ashutosh/opt/mpich-install-3.2.1/lib/libmpi.so' from LD_PRELOAD cannot be preloaded (cannot open shared object file): ignored.
ERROR: ld.so: object '/home/ashutosh/opt/mpich-install-3.2.1/lib/libmpi.so' from LD_PRELOAD cannot be preloaded (cannot open shared object file): ignored.
ERROR: ld.so: object '/home/ashutosh/opt/mpich-install-3.2.1/lib/libmpi.so' from LD_PRELOAD cannot be preloaded (cannot open shared object file): ignored.
ERROR: ld.so: object '/home/ashutosh/opt/mpich-install-3.2.1/lib/libmpi.so' from LD_PRELOAD cannot be preloaded (cannot open shared object file): ignored.


Building a new DB, current time: 10/27/2024 18:43:59
New DB name:   /media/ashutosh/disk1/Z_blast_new/Fig2/GRCg6a/GRCg6a_Z.fa
New DB title:  GRCg6a_Z.fa
Sequence type: Nucleotide
Deleted existing Nucleotide BLAST database named /media/ashutosh/disk1/Z_blast_new/Fig2/GRCg6a/GRCg6a_Z.fa
Keep MBits: T
Maximum file size: 1000000000B
Adding sequences from FASTA; added 1 sequences in 1.35747 seconds.
ERROR: ld.so: object '/home/ashutosh/opt/mpich-install-3.2.1/lib/libmpi.so' from LD_PRELOAD cannot be preloaded (cannot open shared object file): ignored.
ERROR: ld.so: object '/home/ashutosh/opt/mpich-install-3.2.1/lib/libmpi.so' from LD_PRELOAD cannot be preloaded (cannot open shared object file): ignored.


Building a new DB, current time: 10/27/2024 18:44:02
New DB name:   /media/ashutosh/disk1/Z_blast_new/Fig2/GRCg6a/GRCg6a_Z.fa
New DB title:  GRCg6a_Z.fa
Sequence type: Nucleotide
Deleted existing Nucleotide BLAST database named /media/ashutosh/disk1/Z_blast_new/Fig2/GRCg6a/GRCg6a_Z.fa
Keep MBits: T
Maximum file size: 1000000000B
Adding sequences from FASTA; added 1 sequences in 1.39819 seconds.
ERROR: ld.so: object '/home/ashutosh/opt/mpich-install-3.2.1/lib/libmpi.so' from LD_PRELOAD cannot be preloaded (cannot open shared object file): ignored.
ERROR: ld.so: object '/home/ashutosh/opt/mpich-install-3.2.1/lib/libmpi.so' from LD_PRELOAD cannot be preloaded (cannot open shared object file): ignored.


Building a new DB, current time: 10/27/2024 18:44:22
New DB name:   /media/ashutosh/disk1/Z_blast_new/Fig2/GRCg6a/GRCg6a_Z.fa
New DB title:  GRCg6a_Z.fa
Sequence type: Nucleotide
Deleted existing Nucleotide BLAST database named /media/ashutosh/disk1/Z_blast_new/Fig2/GRCg6a/GRCg6a_Z.fa
Keep MBits: T
Maximum file size: 1000000000B
Adding sequences from FASTA; added 1 sequences in 1.4552 seconds.
ERROR: ld.so: object '/home/ashutosh/opt/mpich-install-3.2.1/lib/libmpi.so' from LD_PRELOAD cannot be preloaded (cannot open shared object file): ignored.
ERROR: ld.so: object '/home/ashutosh/opt/mpich-install-3.2.1/lib/libmpi.so' from LD_PRELOAD cannot be preloaded (cannot open shared object file): ignored.


Building a new DB, current time: 10/27/2024 18:44:25
New DB name:   /media/ashutosh/disk1/Z_blast_new/Fig2/GRCg6a/GRCg6a_Z.fa
New DB title:  GRCg6a_Z.fa
Sequence type: Nucleotide
Deleted existing Nucleotide BLAST database named /media/ashutosh/disk1/Z_blast_new/Fig2/GRCg6a/GRCg6a_Z.fa
Keep MBits: T
Maximum file size: 1000000000B
Adding sequences from FASTA; added 1 sequences in 1.26051 seconds.
ERROR: ld.so: object '/home/ashutosh/opt/mpich-install-3.2.1/lib/libmpi.so' from LD_PRELOAD cannot be preloaded (cannot open shared object file): ignored.
